<?xml version="1.0" encoding="UTF-8"?>
<!-- Generated by org.testng.reporters.JUnitXMLReporter -->
<testsuite hostname="Kursh" failures="1" tests="1" name="MyAppTesttwo" time="18.875" errors="0" timestamp="13 Jun 2023 16:00:40 GMT">
  <testcase classname="com.webapp.guru.TestCase.TC_LoginTest_001" name="loginTest" time="7.726">
    <failure type="java.lang.AssertionError" message="expected [true] but found [false]">
      <![CDATA[java.lang.AssertionError: expected [true] but found [false]
	at com.webapp.guru.TestCase.TC_LoginTest_001.loginTest(TC_LoginTest_001.java:46)
... Removed 28 stack frames]]>
    </failure>
  </testcase> <!-- loginTest -->
</testsuite> <!-- MyAppTesttwo -->
