<?xml version="1.0" encoding="UTF-8"?>
<!-- Generated by org.testng.reporters.JUnitXMLReporter -->
<testsuite hostname="Kursh" failures="1" tests="1" name="MyAppTest" time="15.491" errors="0" timestamp="6 Jun 2023 09:02:21 GMT">
  <testcase classname="com.webapp.guru.TestCase.TC_LoginTest_001" name="loginTest" time="3.622">
    <failure type="java.lang.AssertionError" message="expected [true] but found [false]">
      <![CDATA[java.lang.AssertionError: expected [true] but found [false]
	at com.webapp.guru.TestCase.TC_LoginTest_001.loginTest(TC_LoginTest_001.java:44)
... Removed 28 stack frames]]>
    </failure>
  </testcase> <!-- loginTest -->
</testsuite> <!-- MyAppTest -->
