<?xml version="1.0" encoding="UTF-8"?>
<testng-results skipped="0" failed="0" total="2" passed="2">
  <reporter-output>
  </reporter-output>
  <suite name="InetBankingV1" duration-ms="49445" started-at="2023-06-22T11:59:31Z" finished-at="2023-06-22T12:00:21Z">
    <groups>
    </groups>
    <test name="BankingApp Test" duration-ms="49445" started-at="2023-06-22T11:59:31Z" finished-at="2023-06-22T12:00:21Z">
      <class name="com.webapp.guru.TestCase.TC_002_LoginTestCaseDDT_002">
        <test-method status="PASS" signature="setup(java.lang.String)[pri:0, instance:com.webapp.guru.TestCase.TC_002_LoginTestCaseDDT_002@337d0578]" name="setup" is-config="true" duration-ms="9502" started-at="2023-06-22T17:29:45Z" finished-at="2023-06-22T17:29:54Z">
          <params>
            <param index="0">
              <value>
                <![CDATA[chrome]]>
              </value>
            </param>
          </params>
          <reporter-output>
          </reporter-output>
        </test-method> <!-- setup -->
        <test-method status="PASS" signature="loginDDT(java.lang.String, java.lang.String)[pri:0, instance:com.webapp.guru.TestCase.TC_002_LoginTestCaseDDT_002@337d0578]" name="loginDDT" duration-ms="18147" started-at="2023-06-22T17:30:02Z" data-provider="LoginData" finished-at="2023-06-22T17:30:20Z">
          <params>
            <param index="0">
              <value>
                <![CDATA[mngr507341]]>
              </value>
            </param>
            <param index="1">
              <value>
                <![CDATA[yrEmYzy]]>
              </value>
            </param>
          </params>
          <reporter-output>
          </reporter-output>
        </test-method> <!-- loginDDT -->
        <test-method status="PASS" signature="tearDown()[pri:0, instance:com.webapp.guru.TestCase.TC_002_LoginTestCaseDDT_002@337d0578]" name="tearDown" is-config="true" duration-ms="703" started-at="2023-06-22T17:30:20Z" finished-at="2023-06-22T17:30:21Z">
          <reporter-output>
          </reporter-output>
        </test-method> <!-- tearDown -->
      </class> <!-- com.webapp.guru.TestCase.TC_002_LoginTestCaseDDT_002 -->
      <class name="com.webapp.guru.TestCase.Hm">
        <test-method status="PASS" signature="setup(java.lang.String)[pri:0, instance:com.webapp.guru.TestCase.Hm@7ca48474]" name="setup" is-config="true" duration-ms="8865" started-at="2023-06-22T17:29:32Z" finished-at="2023-06-22T17:29:40Z">
          <params>
            <param index="0">
              <value>
                <![CDATA[chrome]]>
              </value>
            </param>
          </params>
          <reporter-output>
          </reporter-output>
        </test-method> <!-- setup -->
        <test-method status="PASS" signature="loginTest()[pri:0, instance:com.webapp.guru.TestCase.Hm@7ca48474]" name="loginTest" duration-ms="3544" started-at="2023-06-22T17:29:40Z" finished-at="2023-06-22T17:29:44Z">
          <reporter-output>
          </reporter-output>
        </test-method> <!-- loginTest -->
        <test-method status="PASS" signature="tearDown()[pri:0, instance:com.webapp.guru.TestCase.Hm@7ca48474]" name="tearDown" is-config="true" duration-ms="678" started-at="2023-06-22T17:29:44Z" finished-at="2023-06-22T17:29:45Z">
          <reporter-output>
          </reporter-output>
        </test-method> <!-- tearDown -->
      </class> <!-- com.webapp.guru.TestCase.Hm -->
    </test> <!-- BankingApp Test -->
  </suite> <!-- InetBankingV1 -->
</testng-results>
